{"/home/svaronc/lighthouse/scheduler/src/components/Application.js": {"path":"/home/svaronc/lighthouse/scheduler/src/components/Application.js","statementMap":{"0":{"start":{"line":23,"column":6},"end":{"line":23,"column":26}},"1":{"start":{"line":25,"column":23},"end":{"line":25,"column":62}},"2":{"start":{"line":27,"column":23},"end":{"line":40,"column":3}},"3":{"start":{"line":29,"column":6},"end":{"line":38,"column":8}},"4":{"start":{"line":42,"column":2},"end":{"line":65,"column":4}}},"fnMap":{"0":{"name":"Application","decl":{"start":{"line":17,"column":24},"end":{"line":17,"column":35}},"loc":{"start":{"line":17,"column":43},"end":{"line":66,"column":1}},"line":17},"1":{"name":"(anonymous_1)","decl":{"start":{"line":28,"column":4},"end":{"line":28,"column":5}},"loc":{"start":{"line":28,"column":19},"end":{"line":39,"column":5}},"line":28}},"branchMap":{},"s":{"0":6,"1":6,"2":6,"3":8,"4":6},"f":{"0":6,"1":8},"b":{},"_coverageSchema":"43e27e138ebf9cfc5966b082cf9a028302ed4184","hash":"566a9a32fe4b6baf1328805cf4985494717ce2eb"}
,"/home/svaronc/lighthouse/scheduler/src/components/Button.js": {"path":"/home/svaronc/lighthouse/scheduler/src/components/Button.js","statementMap":{"0":{"start":{"line":8,"column":22},"end":{"line":11,"column":4}},"1":{"start":{"line":13,"column":2},"end":{"line":21,"column":4}}},"fnMap":{"0":{"name":"Button","decl":{"start":{"line":7,"column":24},"end":{"line":7,"column":30}},"loc":{"start":{"line":7,"column":38},"end":{"line":22,"column":1}},"line":7}},"branchMap":{},"s":{"0":37,"1":37},"f":{"0":37},"b":{},"_coverageSchema":"43e27e138ebf9cfc5966b082cf9a028302ed4184","hash":"0b7b54668efea2641db75abacfc4ca0dcfbd0e36"}
,"/home/svaronc/lighthouse/scheduler/src/components/DayList.js": {"path":"/home/svaronc/lighthouse/scheduler/src/components/DayList.js","statementMap":{"0":{"start":{"line":6,"column":15},"end":{"line":16,"column":4}},"1":{"start":{"line":7,"column":4},"end":{"line":15,"column":6}},"2":{"start":{"line":18,"column":2},"end":{"line":18,"column":25}}},"fnMap":{"0":{"name":"DayList","decl":{"start":{"line":5,"column":24},"end":{"line":5,"column":31}},"loc":{"start":{"line":5,"column":39},"end":{"line":19,"column":1}},"line":5},"1":{"name":"(anonymous_1)","decl":{"start":{"line":6,"column":30},"end":{"line":6,"column":31}},"loc":{"start":{"line":6,"column":37},"end":{"line":16,"column":3}},"line":6}},"branchMap":{},"s":{"0":6,"1":8,"2":6},"f":{"0":6,"1":8},"b":{},"_coverageSchema":"43e27e138ebf9cfc5966b082cf9a028302ed4184","hash":"d0b347232c51df0023756f3b7bd5663f47fb1ba7"}
,"/home/svaronc/lighthouse/scheduler/src/components/DayListItem.js": {"path":"/home/svaronc/lighthouse/scheduler/src/components/DayListItem.js","statementMap":{"0":{"start":{"line":7,"column":2},"end":{"line":7,"column":48}},"1":{"start":{"line":7,"column":20},"end":{"line":7,"column":48}},"2":{"start":{"line":8,"column":2},"end":{"line":8,"column":46}},"3":{"start":{"line":8,"column":20},"end":{"line":8,"column":46}},"4":{"start":{"line":10,"column":2},"end":{"line":10,"column":37}},"5":{"start":{"line":14,"column":19},"end":{"line":17,"column":4}},"6":{"start":{"line":19,"column":2},"end":{"line":28,"column":4}},"7":{"start":{"line":22,"column":21},"end":{"line":22,"column":45}}},"fnMap":{"0":{"name":"formatSpots","decl":{"start":{"line":6,"column":16},"end":{"line":6,"column":27}},"loc":{"start":{"line":6,"column":36},"end":{"line":11,"column":1}},"line":6},"1":{"name":"DayListItem","decl":{"start":{"line":13,"column":24},"end":{"line":13,"column":35}},"loc":{"start":{"line":13,"column":43},"end":{"line":29,"column":1}},"line":13},"2":{"name":"(anonymous_2)","decl":{"start":{"line":22,"column":15},"end":{"line":22,"column":16}},"loc":{"start":{"line":22,"column":21},"end":{"line":22,"column":45}},"line":22}},"branchMap":{"0":{"loc":{"start":{"line":7,"column":2},"end":{"line":7,"column":48}},"type":"if","locations":[{"start":{"line":7,"column":2},"end":{"line":7,"column":48}},{"start":{"line":7,"column":2},"end":{"line":7,"column":48}}],"line":7},"1":{"loc":{"start":{"line":8,"column":2},"end":{"line":8,"column":46}},"type":"if","locations":[{"start":{"line":8,"column":2},"end":{"line":8,"column":46}},{"start":{"line":8,"column":2},"end":{"line":8,"column":46}}],"line":8}},"s":{"0":8,"1":1,"2":7,"3":7,"4":0,"5":8,"6":8,"7":1},"f":{"0":8,"1":8,"2":1},"b":{"0":[1,7],"1":[7,0]},"_coverageSchema":"43e27e138ebf9cfc5966b082cf9a028302ed4184","hash":"21db4f15079c6028fad5e159186181f9792cf654"}
,"/home/svaronc/lighthouse/scheduler/src/components/InterviewerList.js": {"path":"/home/svaronc/lighthouse/scheduler/src/components/InterviewerList.js","statementMap":{"0":{"start":{"line":9,"column":23},"end":{"line":20,"column":4}},"1":{"start":{"line":10,"column":4},"end":{"line":19,"column":6}},"2":{"start":{"line":17,"column":33},"end":{"line":17,"column":63}},"3":{"start":{"line":22,"column":2},"end":{"line":27,"column":4}},"4":{"start":{"line":30,"column":0},"end":{"line":34,"column":2}}},"fnMap":{"0":{"name":"InterviewerList","decl":{"start":{"line":8,"column":9},"end":{"line":8,"column":24}},"loc":{"start":{"line":8,"column":32},"end":{"line":28,"column":1}},"line":8},"1":{"name":"(anonymous_1)","decl":{"start":{"line":9,"column":46},"end":{"line":9,"column":47}},"loc":{"start":{"line":9,"column":61},"end":{"line":20,"column":3}},"line":9},"2":{"name":"(anonymous_2)","decl":{"start":{"line":17,"column":24},"end":{"line":17,"column":25}},"loc":{"start":{"line":17,"column":33},"end":{"line":17,"column":63}},"line":17}},"branchMap":{},"s":{"0":18,"1":21,"2":1,"3":18,"4":3},"f":{"0":18,"1":21,"2":1},"b":{},"_coverageSchema":"43e27e138ebf9cfc5966b082cf9a028302ed4184","hash":"2a3593d6daaf223ed5de576e94e2c50c85d37afa"}
,"/home/svaronc/lighthouse/scheduler/src/components/InterviewerListItem.js": {"path":"/home/svaronc/lighthouse/scheduler/src/components/InterviewerListItem.js","statementMap":{"0":{"start":{"line":7,"column":20},"end":{"line":9,"column":4}},"1":{"start":{"line":11,"column":2},"end":{"line":20,"column":4}}},"fnMap":{"0":{"name":"InterviewerItem","decl":{"start":{"line":6,"column":24},"end":{"line":6,"column":39}},"loc":{"start":{"line":6,"column":47},"end":{"line":21,"column":1}},"line":6}},"branchMap":{"0":{"loc":{"start":{"line":18,"column":7},"end":{"line":18,"column":35}},"type":"binary-expr","locations":[{"start":{"line":18,"column":7},"end":{"line":18,"column":21}},{"start":{"line":18,"column":25},"end":{"line":18,"column":35}}],"line":18}},"s":{"0":21,"1":21},"f":{"0":21},"b":{"0":[21,7]},"_coverageSchema":"43e27e138ebf9cfc5966b082cf9a028302ed4184","hash":"f78277cf02fd56a2d96ff8812704b068412cefd7"}
,"/home/svaronc/lighthouse/scheduler/src/components/Appointment/Confirm.js": {"path":"/home/svaronc/lighthouse/scheduler/src/components/Appointment/Confirm.js","statementMap":{"0":{"start":{"line":6,"column":2},"end":{"line":18,"column":4}}},"fnMap":{"0":{"name":"Confirm","decl":{"start":{"line":5,"column":24},"end":{"line":5,"column":31}},"loc":{"start":{"line":5,"column":39},"end":{"line":19,"column":1}},"line":5}},"branchMap":{},"s":{"0":0},"f":{"0":0},"b":{},"_coverageSchema":"43e27e138ebf9cfc5966b082cf9a028302ed4184","hash":"caa90a4da461945908bf05b0ba8dbae1eb6e7996"}
,"/home/svaronc/lighthouse/scheduler/src/components/Appointment/Empty.js": {"path":"/home/svaronc/lighthouse/scheduler/src/components/Appointment/Empty.js","statementMap":{"0":{"start":{"line":4,"column":2},"end":{"line":13,"column":4}}},"fnMap":{"0":{"name":"Empty","decl":{"start":{"line":3,"column":24},"end":{"line":3,"column":29}},"loc":{"start":{"line":3,"column":37},"end":{"line":14,"column":1}},"line":3}},"branchMap":{},"s":{"0":10},"f":{"0":10},"b":{},"_coverageSchema":"43e27e138ebf9cfc5966b082cf9a028302ed4184","hash":"f971c2724a336e50d601d75c7dc7ea3d46833357"}
,"/home/svaronc/lighthouse/scheduler/src/components/Appointment/Error.js": {"path":"/home/svaronc/lighthouse/scheduler/src/components/Appointment/Error.js","statementMap":{"0":{"start":{"line":4,"column":2},"end":{"line":17,"column":4}}},"fnMap":{"0":{"name":"Error","decl":{"start":{"line":3,"column":24},"end":{"line":3,"column":29}},"loc":{"start":{"line":3,"column":37},"end":{"line":18,"column":1}},"line":3}},"branchMap":{},"s":{"0":0},"f":{"0":0},"b":{},"_coverageSchema":"43e27e138ebf9cfc5966b082cf9a028302ed4184","hash":"67ec837a1947c65657eb3efbdf0394bf37641ae8"}
,"/home/svaronc/lighthouse/scheduler/src/components/Appointment/Form.js": {"path":"/home/svaronc/lighthouse/scheduler/src/components/Appointment/Form.js","statementMap":{"0":{"start":{"line":7,"column":26},"end":{"line":7,"column":52}},"1":{"start":{"line":8,"column":40},"end":{"line":8,"column":75}},"2":{"start":{"line":9,"column":28},"end":{"line":9,"column":40}},"3":{"start":{"line":12,"column":4},"end":{"line":12,"column":16}},"4":{"start":{"line":13,"column":4},"end":{"line":13,"column":17}},"5":{"start":{"line":14,"column":4},"end":{"line":14,"column":25}},"6":{"start":{"line":18,"column":4},"end":{"line":18,"column":12}},"7":{"start":{"line":19,"column":4},"end":{"line":19,"column":21}},"8":{"start":{"line":23,"column":4},"end":{"line":26,"column":5}},"9":{"start":{"line":24,"column":6},"end":{"line":24,"column":47}},"10":{"start":{"line":25,"column":6},"end":{"line":25,"column":13}},"11":{"start":{"line":27,"column":4},"end":{"line":30,"column":5}},"12":{"start":{"line":28,"column":6},"end":{"line":28,"column":47}},"13":{"start":{"line":29,"column":6},"end":{"line":29,"column":13}},"14":{"start":{"line":31,"column":4},"end":{"line":31,"column":17}},"15":{"start":{"line":32,"column":4},"end":{"line":32,"column":36}},"16":{"start":{"line":35,"column":2},"end":{"line":69,"column":4}},"17":{"start":{"line":38,"column":54},"end":{"line":38,"column":76}},"18":{"start":{"line":46,"column":14},"end":{"line":46,"column":42}}},"fnMap":{"0":{"name":"Form","decl":{"start":{"line":6,"column":24},"end":{"line":6,"column":28}},"loc":{"start":{"line":6,"column":36},"end":{"line":70,"column":1}},"line":6},"1":{"name":"reset","decl":{"start":{"line":11,"column":11},"end":{"line":11,"column":16}},"loc":{"start":{"line":11,"column":19},"end":{"line":15,"column":3}},"line":11},"2":{"name":"cancel","decl":{"start":{"line":17,"column":11},"end":{"line":17,"column":17}},"loc":{"start":{"line":17,"column":20},"end":{"line":20,"column":3}},"line":17},"3":{"name":"validate","decl":{"start":{"line":22,"column":11},"end":{"line":22,"column":19}},"loc":{"start":{"line":22,"column":22},"end":{"line":33,"column":3}},"line":22},"4":{"name":"(anonymous_4)","decl":{"start":{"line":38,"column":43},"end":{"line":38,"column":44}},"loc":{"start":{"line":38,"column":54},"end":{"line":38,"column":76}},"line":38},"5":{"name":"(anonymous_5)","decl":{"start":{"line":45,"column":22},"end":{"line":45,"column":23}},"loc":{"start":{"line":45,"column":33},"end":{"line":47,"column":13}},"line":45}},"branchMap":{"0":{"loc":{"start":{"line":7,"column":35},"end":{"line":7,"column":51}},"type":"binary-expr","locations":[{"start":{"line":7,"column":35},"end":{"line":7,"column":45}},{"start":{"line":7,"column":49},"end":{"line":7,"column":51}}],"line":7},"1":{"loc":{"start":{"line":8,"column":49},"end":{"line":8,"column":74}},"type":"binary-expr","locations":[{"start":{"line":8,"column":49},"end":{"line":8,"column":66}},{"start":{"line":8,"column":70},"end":{"line":8,"column":74}}],"line":8},"2":{"loc":{"start":{"line":23,"column":4},"end":{"line":26,"column":5}},"type":"if","locations":[{"start":{"line":23,"column":4},"end":{"line":26,"column":5}},{"start":{"line":23,"column":4},"end":{"line":26,"column":5}}],"line":23},"3":{"loc":{"start":{"line":27,"column":4},"end":{"line":30,"column":5}},"type":"if","locations":[{"start":{"line":27,"column":4},"end":{"line":30,"column":5}},{"start":{"line":27,"column":4},"end":{"line":30,"column":5}}],"line":27}},"s":{"0":19,"1":19,"2":19,"3":1,"4":1,"5":1,"6":1,"7":1,"8":7,"9":2,"10":2,"11":5,"12":2,"13":2,"14":3,"15":3,"16":19,"17":0,"18":4},"f":{"0":19,"1":1,"2":1,"3":7,"4":0,"5":4},"b":{"0":[19,13],"1":[19,12],"2":[2,5],"3":[2,3]},"_coverageSchema":"43e27e138ebf9cfc5966b082cf9a028302ed4184","hash":"94c70a8cfe344fd33163559798fcb6720c106803"}
,"/home/svaronc/lighthouse/scheduler/src/components/Appointment/Header.js": {"path":"/home/svaronc/lighthouse/scheduler/src/components/Appointment/Header.js","statementMap":{"0":{"start":{"line":4,"column":2},"end":{"line":9,"column":4}}},"fnMap":{"0":{"name":"Header","decl":{"start":{"line":3,"column":24},"end":{"line":3,"column":30}},"loc":{"start":{"line":3,"column":38},"end":{"line":10,"column":1}},"line":3}},"branchMap":{},"s":{"0":18},"f":{"0":18},"b":{},"_coverageSchema":"43e27e138ebf9cfc5966b082cf9a028302ed4184","hash":"266ca1ea243123963dfb79d2ba54a879b363eda0"}
,"/home/svaronc/lighthouse/scheduler/src/components/Appointment/Show.js": {"path":"/home/svaronc/lighthouse/scheduler/src/components/Appointment/Show.js","statementMap":{"0":{"start":{"line":4,"column":2},"end":{"line":32,"column":4}}},"fnMap":{"0":{"name":"Show","decl":{"start":{"line":3,"column":24},"end":{"line":3,"column":28}},"loc":{"start":{"line":3,"column":36},"end":{"line":33,"column":1}},"line":3}},"branchMap":{"0":{"loc":{"start":{"line":11,"column":13},"end":{"line":11,"column":56}},"type":"binary-expr","locations":[{"start":{"line":11,"column":13},"end":{"line":11,"column":30}},{"start":{"line":11,"column":34},"end":{"line":11,"column":56}}],"line":11}},"s":{"0":5},"f":{"0":5},"b":{"0":[5,5]},"_coverageSchema":"43e27e138ebf9cfc5966b082cf9a028302ed4184","hash":"c4bc6f878e3c578a7e3d9fd8be350d2570da5f86"}
,"/home/svaronc/lighthouse/scheduler/src/components/Appointment/Status.js": {"path":"/home/svaronc/lighthouse/scheduler/src/components/Appointment/Status.js","statementMap":{"0":{"start":{"line":4,"column":2},"end":{"line":13,"column":4}}},"fnMap":{"0":{"name":"Status","decl":{"start":{"line":3,"column":24},"end":{"line":3,"column":30}},"loc":{"start":{"line":3,"column":38},"end":{"line":14,"column":1}},"line":3}},"branchMap":{},"s":{"0":2},"f":{"0":2},"b":{},"_coverageSchema":"43e27e138ebf9cfc5966b082cf9a028302ed4184","hash":"3600c7091a77f899c4aad75f5baade7853691dbc"}
,"/home/svaronc/lighthouse/scheduler/src/components/Appointment/index.js": {"path":"/home/svaronc/lighthouse/scheduler/src/components/Appointment/index.js","statementMap":{"0":{"start":{"line":13,"column":14},"end":{"line":13,"column":21}},"1":{"start":{"line":14,"column":13},"end":{"line":14,"column":19}},"2":{"start":{"line":15,"column":15},"end":{"line":15,"column":23}},"3":{"start":{"line":16,"column":13},"end":{"line":16,"column":19}},"4":{"start":{"line":17,"column":15},"end":{"line":17,"column":23}},"5":{"start":{"line":18,"column":17},"end":{"line":18,"column":27}},"6":{"start":{"line":19,"column":16},"end":{"line":19,"column":25}},"7":{"start":{"line":20,"column":19},"end":{"line":20,"column":31}},"8":{"start":{"line":21,"column":21},"end":{"line":21,"column":35}},"9":{"start":{"line":25,"column":22},"end":{"line":28,"column":5}},"10":{"start":{"line":30,"column":4},"end":{"line":30,"column":23}},"11":{"start":{"line":32,"column":4},"end":{"line":35,"column":54}},"12":{"start":{"line":34,"column":18},"end":{"line":34,"column":34}},"13":{"start":{"line":35,"column":24},"end":{"line":35,"column":52}},"14":{"start":{"line":39,"column":4},"end":{"line":39,"column":31}},"15":{"start":{"line":40,"column":4},"end":{"line":43,"column":56}},"16":{"start":{"line":42,"column":18},"end":{"line":42,"column":35}},"17":{"start":{"line":43,"column":24},"end":{"line":43,"column":54}},"18":{"start":{"line":45,"column":37},"end":{"line":47,"column":3}},"19":{"start":{"line":48,"column":2},"end":{"line":88,"column":4}},"20":{"start":{"line":51,"column":45},"end":{"line":51,"column":63}},"21":{"start":{"line":56,"column":26},"end":{"line":56,"column":45}},"22":{"start":{"line":57,"column":24},"end":{"line":57,"column":40}}},"fnMap":{"0":{"name":"Appointment","decl":{"start":{"line":23,"column":24},"end":{"line":23,"column":35}},"loc":{"start":{"line":23,"column":43},"end":{"line":89,"column":1}},"line":23},"1":{"name":"save","decl":{"start":{"line":24,"column":11},"end":{"line":24,"column":15}},"loc":{"start":{"line":24,"column":35},"end":{"line":36,"column":3}},"line":24},"2":{"name":"(anonymous_2)","decl":{"start":{"line":34,"column":12},"end":{"line":34,"column":13}},"loc":{"start":{"line":34,"column":18},"end":{"line":34,"column":34}},"line":34},"3":{"name":"(anonymous_3)","decl":{"start":{"line":35,"column":13},"end":{"line":35,"column":14}},"loc":{"start":{"line":35,"column":24},"end":{"line":35,"column":52}},"line":35},"4":{"name":"destroy","decl":{"start":{"line":38,"column":11},"end":{"line":38,"column":18}},"loc":{"start":{"line":38,"column":21},"end":{"line":44,"column":3}},"line":38},"5":{"name":"(anonymous_5)","decl":{"start":{"line":42,"column":12},"end":{"line":42,"column":13}},"loc":{"start":{"line":42,"column":18},"end":{"line":42,"column":35}},"line":42},"6":{"name":"(anonymous_6)","decl":{"start":{"line":43,"column":13},"end":{"line":43,"column":14}},"loc":{"start":{"line":43,"column":24},"end":{"line":43,"column":54}},"line":43},"7":{"name":"(anonymous_7)","decl":{"start":{"line":51,"column":39},"end":{"line":51,"column":40}},"loc":{"start":{"line":51,"column":45},"end":{"line":51,"column":63}},"line":51},"8":{"name":"(anonymous_8)","decl":{"start":{"line":56,"column":20},"end":{"line":56,"column":21}},"loc":{"start":{"line":56,"column":26},"end":{"line":56,"column":45}},"line":56},"9":{"name":"(anonymous_9)","decl":{"start":{"line":57,"column":18},"end":{"line":57,"column":19}},"loc":{"start":{"line":57,"column":24},"end":{"line":57,"column":40}},"line":57}},"branchMap":{"0":{"loc":{"start":{"line":46,"column":4},"end":{"line":46,"column":34}},"type":"cond-expr","locations":[{"start":{"line":46,"column":22},"end":{"line":46,"column":26}},{"start":{"line":46,"column":29},"end":{"line":46,"column":34}}],"line":46},"1":{"loc":{"start":{"line":51,"column":7},"end":{"line":51,"column":67}},"type":"binary-expr","locations":[{"start":{"line":51,"column":7},"end":{"line":51,"column":21}},{"start":{"line":51,"column":25},"end":{"line":51,"column":67}}],"line":51},"2":{"loc":{"start":{"line":52,"column":7},"end":{"line":59,"column":7}},"type":"binary-expr","locations":[{"start":{"line":52,"column":7},"end":{"line":52,"column":20}},{"start":{"line":53,"column":8},"end":{"line":58,"column":10}}],"line":52},"3":{"loc":{"start":{"line":60,"column":7},"end":{"line":62,"column":7}},"type":"binary-expr","locations":[{"start":{"line":60,"column":7},"end":{"line":60,"column":22}},{"start":{"line":61,"column":8},"end":{"line":61,"column":80}}],"line":60},"4":{"loc":{"start":{"line":63,"column":7},"end":{"line":71,"column":7}},"type":"binary-expr","locations":[{"start":{"line":63,"column":7},"end":{"line":63,"column":20}},{"start":{"line":64,"column":8},"end":{"line":70,"column":10}}],"line":63},"5":{"loc":{"start":{"line":72,"column":7},"end":{"line":72,"column":53}},"type":"binary-expr","locations":[{"start":{"line":72,"column":7},"end":{"line":72,"column":22}},{"start":{"line":72,"column":26},"end":{"line":72,"column":53}}],"line":72},"6":{"loc":{"start":{"line":73,"column":7},"end":{"line":73,"column":57}},"type":"binary-expr","locations":[{"start":{"line":73,"column":7},"end":{"line":73,"column":24}},{"start":{"line":73,"column":28},"end":{"line":73,"column":57}}],"line":73},"7":{"loc":{"start":{"line":74,"column":7},"end":{"line":80,"column":7}},"type":"binary-expr","locations":[{"start":{"line":74,"column":7},"end":{"line":74,"column":23}},{"start":{"line":75,"column":8},"end":{"line":79,"column":10}}],"line":74},"8":{"loc":{"start":{"line":81,"column":7},"end":{"line":83,"column":7}},"type":"binary-expr","locations":[{"start":{"line":81,"column":7},"end":{"line":81,"column":26}},{"start":{"line":82,"column":8},"end":{"line":82,"column":70}}],"line":81},"9":{"loc":{"start":{"line":84,"column":7},"end":{"line":86,"column":7}},"type":"binary-expr","locations":[{"start":{"line":84,"column":7},"end":{"line":84,"column":28}},{"start":{"line":85,"column":8},"end":{"line":85,"column":72}}],"line":84}},"s":{"0":2,"1":2,"2":2,"3":2,"4":2,"5":2,"6":2,"7":2,"8":2,"9":1,"10":1,"11":1,"12":1,"13":0,"14":0,"15":0,"16":0,"17":0,"18":18,"19":18,"20":1,"21":0,"22":0},"f":{"0":18,"1":1,"2":1,"3":0,"4":0,"5":0,"6":0,"7":1,"8":0,"9":0},"b":{"0":[6,12],"1":[18,10],"2":[18,5],"3":[18,1],"4":[18,0],"5":[18,2],"6":[18,0],"7":[18,0],"8":[18,0],"9":[18,0]},"_coverageSchema":"43e27e138ebf9cfc5966b082cf9a028302ed4184","hash":"4f92157f302617d9cef42e1e92756bee6df791ea"}
,"/home/svaronc/lighthouse/scheduler/src/helpers/selectors.js": {"path":"/home/svaronc/lighthouse/scheduler/src/helpers/selectors.js","statementMap":{"0":{"start":{"line":2,"column":16},"end":{"line":2,"column":52}},"1":{"start":{"line":2,"column":37},"end":{"line":2,"column":51}},"2":{"start":{"line":4,"column":2},"end":{"line":4,"column":64}},"3":{"start":{"line":4,"column":54},"end":{"line":4,"column":64}},"4":{"start":{"line":6,"column":2},"end":{"line":6,"column":62}},"5":{"start":{"line":6,"column":38},"end":{"line":6,"column":60}},"6":{"start":{"line":10,"column":16},"end":{"line":10,"column":52}},"7":{"start":{"line":10,"column":37},"end":{"line":10,"column":51}},"8":{"start":{"line":12,"column":2},"end":{"line":12,"column":64}},"9":{"start":{"line":12,"column":54},"end":{"line":12,"column":64}},"10":{"start":{"line":14,"column":2},"end":{"line":14,"column":62}},"11":{"start":{"line":14,"column":38},"end":{"line":14,"column":60}},"12":{"start":{"line":18,"column":2},"end":{"line":23,"column":4}}},"fnMap":{"0":{"name":"getAppointmentsForDay","decl":{"start":{"line":1,"column":16},"end":{"line":1,"column":37}},"loc":{"start":{"line":1,"column":50},"end":{"line":7,"column":1}},"line":1},"1":{"name":"(anonymous_1)","decl":{"start":{"line":2,"column":32},"end":{"line":2,"column":33}},"loc":{"start":{"line":2,"column":37},"end":{"line":2,"column":51}},"line":2},"2":{"name":"(anonymous_2)","decl":{"start":{"line":6,"column":32},"end":{"line":6,"column":33}},"loc":{"start":{"line":6,"column":38},"end":{"line":6,"column":60}},"line":6},"3":{"name":"getInterviewersForDay","decl":{"start":{"line":9,"column":16},"end":{"line":9,"column":37}},"loc":{"start":{"line":9,"column":50},"end":{"line":15,"column":1}},"line":9},"4":{"name":"(anonymous_4)","decl":{"start":{"line":10,"column":32},"end":{"line":10,"column":33}},"loc":{"start":{"line":10,"column":37},"end":{"line":10,"column":51}},"line":10},"5":{"name":"(anonymous_5)","decl":{"start":{"line":14,"column":32},"end":{"line":14,"column":33}},"loc":{"start":{"line":14,"column":38},"end":{"line":14,"column":60}},"line":14},"6":{"name":"getInterview","decl":{"start":{"line":17,"column":16},"end":{"line":17,"column":28}},"loc":{"start":{"line":17,"column":47},"end":{"line":24,"column":1}},"line":17}},"branchMap":{"0":{"loc":{"start":{"line":4,"column":2},"end":{"line":4,"column":64}},"type":"if","locations":[{"start":{"line":4,"column":2},"end":{"line":4,"column":64}},{"start":{"line":4,"column":2},"end":{"line":4,"column":64}}],"line":4},"1":{"loc":{"start":{"line":4,"column":6},"end":{"line":4,"column":52}},"type":"binary-expr","locations":[{"start":{"line":4,"column":6},"end":{"line":4,"column":29}},{"start":{"line":4,"column":33},"end":{"line":4,"column":52}}],"line":4},"2":{"loc":{"start":{"line":12,"column":2},"end":{"line":12,"column":64}},"type":"if","locations":[{"start":{"line":12,"column":2},"end":{"line":12,"column":64}},{"start":{"line":12,"column":2},"end":{"line":12,"column":64}}],"line":12},"3":{"loc":{"start":{"line":12,"column":6},"end":{"line":12,"column":52}},"type":"binary-expr","locations":[{"start":{"line":12,"column":6},"end":{"line":12,"column":29}},{"start":{"line":12,"column":33},"end":{"line":12,"column":52}}],"line":12},"4":{"loc":{"start":{"line":19,"column":4},"end":{"line":22,"column":5}},"type":"binary-expr","locations":[{"start":{"line":19,"column":4},"end":{"line":19,"column":13}},{"start":{"line":19,"column":17},"end":{"line":22,"column":5}}],"line":19}},"s":{"0":11,"1":11,"2":11,"3":4,"4":7,"5":16,"6":11,"7":11,"8":11,"9":4,"10":7,"11":14,"12":10},"f":{"0":11,"1":11,"2":16,"3":11,"4":11,"5":14,"6":10},"b":{"0":[4,7],"1":[11,8],"2":[4,7],"3":[11,8],"4":[10,6]},"_coverageSchema":"43e27e138ebf9cfc5966b082cf9a028302ed4184","hash":"f08e1efd96387cc43682a80e0ea9ef85129960aa"}
,"/home/svaronc/lighthouse/scheduler/src/hooks/useApplicationData.js": {"path":"/home/svaronc/lighthouse/scheduler/src/hooks/useApplicationData.js","statementMap":{"0":{"start":{"line":14,"column":28},"end":{"line":19,"column":4}},"1":{"start":{"line":21,"column":17},"end":{"line":21,"column":56}},"2":{"start":{"line":21,"column":24},"end":{"line":21,"column":56}},"3":{"start":{"line":23,"column":2},"end":{"line":37,"column":9}},"4":{"start":{"line":24,"column":4},"end":{"line":36,"column":6}},"5":{"start":{"line":30,"column":8},"end":{"line":35,"column":10}},"6":{"start":{"line":39,"column":2},"end":{"line":39,"column":30}},"7":{"start":{"line":42,"column":4},"end":{"line":48,"column":7}},"8":{"start":{"line":43,"column":6},"end":{"line":47,"column":9}},"9":{"start":{"line":52,"column":4},"end":{"line":58,"column":7}},"10":{"start":{"line":53,"column":6},"end":{"line":57,"column":9}},"11":{"start":{"line":61,"column":2},"end":{"line":66,"column":4}}},"fnMap":{"0":{"name":"useApplicationData","decl":{"start":{"line":13,"column":24},"end":{"line":13,"column":42}},"loc":{"start":{"line":13,"column":45},"end":{"line":67,"column":1}},"line":13},"1":{"name":"(anonymous_1)","decl":{"start":{"line":21,"column":17},"end":{"line":21,"column":18}},"loc":{"start":{"line":21,"column":24},"end":{"line":21,"column":56}},"line":21},"2":{"name":"(anonymous_2)","decl":{"start":{"line":23,"column":12},"end":{"line":23,"column":13}},"loc":{"start":{"line":23,"column":18},"end":{"line":37,"column":3}},"line":23},"3":{"name":"(anonymous_3)","decl":{"start":{"line":29,"column":6},"end":{"line":29,"column":7}},"loc":{"start":{"line":30,"column":8},"end":{"line":35,"column":10}},"line":30},"4":{"name":"bookInterview","decl":{"start":{"line":41,"column":11},"end":{"line":41,"column":24}},"loc":{"start":{"line":41,"column":40},"end":{"line":49,"column":3}},"line":41},"5":{"name":"(anonymous_5)","decl":{"start":{"line":42,"column":68},"end":{"line":42,"column":69}},"loc":{"start":{"line":42,"column":74},"end":{"line":48,"column":5}},"line":42},"6":{"name":"cancelInterview","decl":{"start":{"line":51,"column":11},"end":{"line":51,"column":26}},"loc":{"start":{"line":51,"column":31},"end":{"line":59,"column":3}},"line":51},"7":{"name":"(anonymous_7)","decl":{"start":{"line":52,"column":56},"end":{"line":52,"column":57}},"loc":{"start":{"line":52,"column":62},"end":{"line":58,"column":5}},"line":52}},"branchMap":{},"s":{"0":6,"1":6,"2":1,"3":6,"4":2,"5":2,"6":6,"7":1,"8":1,"9":0,"10":0,"11":6},"f":{"0":6,"1":1,"2":2,"3":2,"4":1,"5":1,"6":0,"7":0},"b":{},"_coverageSchema":"43e27e138ebf9cfc5966b082cf9a028302ed4184","hash":"8949e63a93b99f12237db7eff5f8746284459081"}
,"/home/svaronc/lighthouse/scheduler/src/hooks/useRealtimeUpdate.js": {"path":"/home/svaronc/lighthouse/scheduler/src/hooks/useRealtimeUpdate.js","statementMap":{"0":{"start":{"line":5,"column":2},"end":{"line":19,"column":17}},"1":{"start":{"line":6,"column":19},"end":{"line":6,"column":69}},"2":{"start":{"line":8,"column":4},"end":{"line":14,"column":6}},"3":{"start":{"line":9,"column":19},"end":{"line":9,"column":41}},"4":{"start":{"line":11,"column":6},"end":{"line":13,"column":7}},"5":{"start":{"line":12,"column":8},"end":{"line":12,"column":23}},"6":{"start":{"line":16,"column":4},"end":{"line":18,"column":6}},"7":{"start":{"line":17,"column":6},"end":{"line":17,"column":21}}},"fnMap":{"0":{"name":"useRealtimeUpdate","decl":{"start":{"line":4,"column":24},"end":{"line":4,"column":41}},"loc":{"start":{"line":4,"column":52},"end":{"line":20,"column":1}},"line":4},"1":{"name":"(anonymous_1)","decl":{"start":{"line":5,"column":12},"end":{"line":5,"column":13}},"loc":{"start":{"line":5,"column":18},"end":{"line":19,"column":3}},"line":5},"2":{"name":"(anonymous_2)","decl":{"start":{"line":8,"column":23},"end":{"line":8,"column":24}},"loc":{"start":{"line":8,"column":32},"end":{"line":14,"column":5}},"line":8},"3":{"name":"(anonymous_3)","decl":{"start":{"line":16,"column":11},"end":{"line":16,"column":12}},"loc":{"start":{"line":16,"column":17},"end":{"line":18,"column":5}},"line":16}},"branchMap":{"0":{"loc":{"start":{"line":11,"column":6},"end":{"line":13,"column":7}},"type":"if","locations":[{"start":{"line":11,"column":6},"end":{"line":13,"column":7}},{"start":{"line":11,"column":6},"end":{"line":13,"column":7}}],"line":11},"1":{"loc":{"start":{"line":11,"column":10},"end":{"line":11,"column":65}},"type":"binary-expr","locations":[{"start":{"line":11,"column":10},"end":{"line":11,"column":34}},{"start":{"line":11,"column":38},"end":{"line":11,"column":65}}],"line":11}},"s":{"0":6,"1":2,"2":2,"3":0,"4":0,"5":0,"6":2,"7":2},"f":{"0":6,"1":2,"2":0,"3":2},"b":{"0":[0,0],"1":[0,0]},"_coverageSchema":"43e27e138ebf9cfc5966b082cf9a028302ed4184","hash":"a4695eb0436fa628de4282a971fd791c32672ced"}
,"/home/svaronc/lighthouse/scheduler/src/hooks/useVisualMode.js": {"path":"/home/svaronc/lighthouse/scheduler/src/hooks/useVisualMode.js","statementMap":{"0":{"start":{"line":4,"column":32},"end":{"line":4,"column":51}},"1":{"start":{"line":7,"column":4},"end":{"line":11,"column":5}},"2":{"start":{"line":8,"column":6},"end":{"line":8,"column":70}},"3":{"start":{"line":8,"column":27},"end":{"line":8,"column":68}},"4":{"start":{"line":10,"column":6},"end":{"line":10,"column":44}},"5":{"start":{"line":10,"column":27},"end":{"line":10,"column":42}},"6":{"start":{"line":15,"column":4},"end":{"line":17,"column":5}},"7":{"start":{"line":16,"column":6},"end":{"line":16,"column":64}},"8":{"start":{"line":16,"column":27},"end":{"line":16,"column":62}},"9":{"start":{"line":20,"column":2},"end":{"line":20,"column":65}}},"fnMap":{"0":{"name":"useVisualMode","decl":{"start":{"line":3,"column":16},"end":{"line":3,"column":29}},"loc":{"start":{"line":3,"column":39},"end":{"line":21,"column":1}},"line":3},"1":{"name":"transition","decl":{"start":{"line":6,"column":11},"end":{"line":6,"column":21}},"loc":{"start":{"line":6,"column":45},"end":{"line":12,"column":3}},"line":6},"2":{"name":"(anonymous_2)","decl":{"start":{"line":8,"column":17},"end":{"line":8,"column":18}},"loc":{"start":{"line":8,"column":27},"end":{"line":8,"column":68}},"line":8},"3":{"name":"(anonymous_3)","decl":{"start":{"line":10,"column":17},"end":{"line":10,"column":18}},"loc":{"start":{"line":10,"column":27},"end":{"line":10,"column":42}},"line":10},"4":{"name":"back","decl":{"start":{"line":14,"column":11},"end":{"line":14,"column":15}},"loc":{"start":{"line":14,"column":18},"end":{"line":18,"column":3}},"line":14},"5":{"name":"(anonymous_5)","decl":{"start":{"line":16,"column":17},"end":{"line":16,"column":18}},"loc":{"start":{"line":16,"column":27},"end":{"line":16,"column":62}},"line":16}},"branchMap":{"0":{"loc":{"start":{"line":6,"column":28},"end":{"line":6,"column":43}},"type":"default-arg","locations":[{"start":{"line":6,"column":38},"end":{"line":6,"column":43}}],"line":6},"1":{"loc":{"start":{"line":7,"column":4},"end":{"line":11,"column":5}},"type":"if","locations":[{"start":{"line":7,"column":4},"end":{"line":11,"column":5}},{"start":{"line":7,"column":4},"end":{"line":11,"column":5}}],"line":7},"2":{"loc":{"start":{"line":15,"column":4},"end":{"line":17,"column":5}},"type":"if","locations":[{"start":{"line":15,"column":4},"end":{"line":17,"column":5}},{"start":{"line":15,"column":4},"end":{"line":17,"column":5}}],"line":15}},"s":{"0":22,"1":5,"2":1,"3":1,"4":4,"5":4,"6":1,"7":1,"8":1,"9":22},"f":{"0":22,"1":5,"2":1,"3":4,"4":1,"5":1},"b":{"0":[4],"1":[1,4],"2":[1,0]},"_coverageSchema":"43e27e138ebf9cfc5966b082cf9a028302ed4184","hash":"68ac6bb1c72e3d5c424748e4b11d6ff178c3687f"}
,"/home/svaronc/lighthouse/scheduler/src/reducers/application.js": {"path":"/home/svaronc/lighthouse/scheduler/src/reducers/application.js","statementMap":{"0":{"start":{"line":1,"column":23},"end":{"line":1,"column":32}},"1":{"start":{"line":2,"column":36},"end":{"line":2,"column":58}},"2":{"start":{"line":3,"column":29},"end":{"line":3,"column":44}},"3":{"start":{"line":6,"column":2},"end":{"line":53,"column":3}},"4":{"start":{"line":8,"column":6},"end":{"line":8,"column":43}},"5":{"start":{"line":10,"column":6},"end":{"line":15,"column":8}},"6":{"start":{"line":17,"column":26},"end":{"line":20,"column":7}},"7":{"start":{"line":22,"column":27},"end":{"line":25,"column":7}},"8":{"start":{"line":27,"column":29},"end":{"line":32,"column":9}},"9":{"start":{"line":28,"column":8},"end":{"line":32,"column":9}},"10":{"start":{"line":30,"column":26},"end":{"line":30,"column":72}},"11":{"start":{"line":34,"column":19},"end":{"line":41,"column":8}},"12":{"start":{"line":35,"column":8},"end":{"line":40,"column":16}},"13":{"start":{"line":43,"column":6},"end":{"line":47,"column":8}},"14":{"start":{"line":50,"column":6},"end":{"line":52,"column":8}}},"fnMap":{"0":{"name":"reducer","decl":{"start":{"line":5,"column":24},"end":{"line":5,"column":31}},"loc":{"start":{"line":5,"column":47},"end":{"line":54,"column":1}},"line":5},"1":{"name":"(anonymous_1)","decl":{"start":{"line":27,"column":29},"end":{"line":27,"column":30}},"loc":{"start":{"line":28,"column":8},"end":{"line":32,"column":9}},"line":28},"2":{"name":"(anonymous_2)","decl":{"start":{"line":30,"column":10},"end":{"line":30,"column":11}},"loc":{"start":{"line":30,"column":26},"end":{"line":30,"column":72}},"line":30},"3":{"name":"(anonymous_3)","decl":{"start":{"line":34,"column":34},"end":{"line":34,"column":35}},"loc":{"start":{"line":34,"column":41},"end":{"line":41,"column":7}},"line":34}},"branchMap":{"0":{"loc":{"start":{"line":6,"column":2},"end":{"line":53,"column":3}},"type":"switch","locations":[{"start":{"line":7,"column":4},"end":{"line":8,"column":43}},{"start":{"line":9,"column":4},"end":{"line":15,"column":8}},{"start":{"line":16,"column":4},"end":{"line":48,"column":5}},{"start":{"line":49,"column":4},"end":{"line":52,"column":8}}],"line":6},"1":{"loc":{"start":{"line":19,"column":19},"end":{"line":19,"column":62}},"type":"binary-expr","locations":[{"start":{"line":19,"column":19},"end":{"line":19,"column":35}},{"start":{"line":19,"column":39},"end":{"line":19,"column":62}}],"line":19},"2":{"loc":{"start":{"line":30,"column":26},"end":{"line":30,"column":72}},"type":"cond-expr","locations":[{"start":{"line":30,"column":55},"end":{"line":30,"column":64}},{"start":{"line":30,"column":67},"end":{"line":30,"column":72}}],"line":30},"3":{"loc":{"start":{"line":35,"column":15},"end":{"line":40,"column":15}},"type":"cond-expr","locations":[{"start":{"line":36,"column":12},"end":{"line":39,"column":13}},{"start":{"line":40,"column":12},"end":{"line":40,"column":15}}],"line":35}},"s":{"0":3,"1":3,"2":3,"3":5,"4":1,"5":2,"6":1,"7":1,"8":1,"9":1,"10":2,"11":1,"12":2,"13":1,"14":1},"f":{"0":5,"1":1,"2":2,"3":2},"b":{"0":[1,2,1,1],"1":[1,1],"2":[2,0],"3":[1,1]},"_coverageSchema":"43e27e138ebf9cfc5966b082cf9a028302ed4184","hash":"6446469c74ddbc608072456ef83196c2e82949b7"}
}
